# JRE version: Java(TM) SE Runtime Environment (8.0_151-b12) (build 1.8.0_151-b12)
# Java VM: Java HotSpot(TM) 64-Bit Server VM (25.151-b12 mixed mode windows-amd64 compressed oops)
Heap:
 PSYoungGen      total 164864K, used 124795K [0x00000000eb200000, 0x00000000f6200000, 0x0000000100000000)
  eden space 149504K, 73% used [0x00000000eb200000,0x00000000f1d160d0,0x00000000f4400000)
  from space 15360K, 99% used [0x00000000f4400000,0x00000000f52fe750,0x00000000f5300000)
  to   space 15360K, 0% used [0x00000000f5300000,0x00000000f5300000,0x00000000f6200000)
 ParOldGen       total 172544K, used 116963K [0x00000000c1600000, 0x00000000cbe80000, 0x00000000eb200000)
  object space 172544K, 67% used [0x00000000c1600000,0x00000000c8838fc0,0x00000000cbe80000)
 Metaspace       used 76437K, capacity 77136K, committed 77356K, reserved 1116160K
  class space    used 10872K, capacity 11038K, committed 11052K, reserved 1048576K
GC Heap History (10 events):
Event: 25.526 GC heap before
{Heap before GC invocations=25 (full 3):
 PSYoungGen      total 122880K, used 37384K [0x00000000eb200000, 0x00000000f4d80000, 0x0000000100000000)
  eden space 112128K, 23% used [0x00000000eb200000,0x00000000ecc02828,0x00000000f1f80000)
  from space 10752K, 99% used [0x00000000f1f80000,0x00000000f29ffae8,0x00000000f2a00000)
  to   space 14848K, 0% used [0x00000000f3f00000,0x00000000f3f00000,0x00000000f4d80000)
 ParOldGen       total 134656K, used 105716K [0x00000000c1600000, 0x00000000c9980000, 0x00000000eb200000)
  object space 134656K, 78% used [0x00000000c1600000,0x00000000c7d3d298,0x00000000c9980000)
 Metaspace       used 66785K, capacity 67250K, committed 67628K, reserved 1107968K
  class space    used 9337K, capacity 9477K, committed 9516K, reserved 1048576K
Event: 25.536 GC heap after
Heap after GC invocations=25 (full 3):
 PSYoungGen      total 144384K, used 1382K [0x00000000eb200000, 0x00000000f4e00000, 0x0000000100000000)
  eden space 129536K, 0% used [0x00000000eb200000,0x00000000eb200000,0x00000000f3080000)
  from space 14848K, 9% used [0x00000000f3f00000,0x00000000f4059a10,0x00000000f4d80000)
  to   space 14848K, 0% used [0x00000000f3080000,0x00000000f3080000,0x00000000f3f00000)
 ParOldGen       total 134656K, used 110267K [0x00000000c1600000, 0x00000000c9980000, 0x00000000eb200000)
  object space 134656K, 81% used [0x00000000c1600000,0x00000000c81aed28,0x00000000c9980000)
 Metaspace       used 66785K, capacity 67250K, committed 67628K, reserved 1107968K
  class space    used 9337K, capacity 9477K, committed 9516K, reserved 1048576K
}
Event: 25.536 GC heap before
{Heap before GC invocations=26 (full 4):
 PSYoungGen      total 144384K, used 1382K [0x00000000eb200000, 0x00000000f4e00000, 0x0000000100000000)
  eden space 129536K, 0% used [0x00000000eb200000,0x00000000eb200000,0x00000000f3080000)
  from space 14848K, 9% used [0x00000000f3f00000,0x00000000f4059a10,0x00000000f4d80000)
  to   space 14848K, 0% used [0x00000000f3080000,0x00000000f3080000,0x00000000f3f00000)
 ParOldGen       total 134656K, used 110267K [0x00000000c1600000, 0x00000000c9980000, 0x00000000eb200000)
  object space 134656K, 81% used [0x00000000c1600000,0x00000000c81aed28,0x00000000c9980000)
 Metaspace       used 66785K, capacity 67250K, committed 67628K, reserved 1107968K
  class space    used 9337K, capacity 9477K, committed 9516K, reserved 1048576K
Event: 25.695 GC heap after
Heap after GC invocations=26 (full 4):
 PSYoungGen      total 144384K, used 0K [0x00000000eb200000, 0x00000000f4e00000, 0x0000000100000000)
  eden space 129536K, 0% used [0x00000000eb200000,0x00000000eb200000,0x00000000f3080000)
  from space 14848K, 0% used [0x00000000f3f00000,0x00000000f3f00000,0x00000000f4d80000)
  to   space 14848K, 0% used [0x00000000f3080000,0x00000000f3080000,0x00000000f3f00000)
 ParOldGen       total 172544K, used 107139K [0x00000000c1600000, 0x00000000cbe80000, 0x00000000eb200000)
  object space 172544K, 62% used [0x00000000c1600000,0x00000000c7ea0fc0,0x00000000cbe80000)
 Metaspace       used 66785K, capacity 67250K, committed 67628K, reserved 1107968K
  class space    used 9337K, capacity 9477K, committed 9516K, reserved 1048576K
}
Event: 28.461 GC heap before
{Heap before GC invocations=27 (full 4):
 PSYoungGen      total 144384K, used 129536K [0x00000000eb200000, 0x00000000f4e00000, 0x0000000100000000)
  eden space 129536K, 100% used [0x00000000eb200000,0x00000000f3080000,0x00000000f3080000)
  from space 14848K, 0% used [0x00000000f3f00000,0x00000000f3f00000,0x00000000f4d80000)
  to   space 14848K, 0% used [0x00000000f3080000,0x00000000f3080000,0x00000000f3f00000)
 ParOldGen       total 172544K, used 107139K [0x00000000c1600000, 0x00000000cbe80000, 0x00000000eb200000)
  object space 172544K, 62% used [0x00000000c1600000,0x00000000c7ea0fc0,0x00000000cbe80000)
 Metaspace       used 73944K, capacity 74480K, committed 74924K, reserved 1114112K
  class space    used 10508K, capacity 10653K, committed 10668K, reserved 1048576K
Event: 28.473 GC heap after
Heap after GC invocations=27 (full 4):
 PSYoungGen      total 144384K, used 8973K [0x00000000eb200000, 0x00000000f6200000, 0x0000000100000000)
  eden space 129536K, 0% used [0x00000000eb200000,0x00000000eb200000,0x00000000f3080000)
  from space 14848K, 60% used [0x00000000f3080000,0x00000000f3943788,0x00000000f3f00000)
  to   space 15360K, 0% used [0x00000000f5300000,0x00000000f5300000,0x00000000f6200000)
 ParOldGen       total 172544K, used 107147K [0x00000000c1600000, 0x00000000cbe80000, 0x00000000eb200000)
  object space 172544K, 62% used [0x00000000c1600000,0x00000000c7ea2fc0,0x00000000cbe80000)
 Metaspace       used 73944K, capacity 74480K, committed 74924K, reserved 1114112K
  class space    used 10508K, capacity 10653K, committed 10668K, reserved 1048576K
}
Event: 29.418 GC heap before
{Heap before GC invocations=28 (full 4):
 PSYoungGen      total 144384K, used 138509K [0x00000000eb200000, 0x00000000f6200000, 0x0000000100000000)
  eden space 129536K, 100% used [0x00000000eb200000,0x00000000f3080000,0x00000000f3080000)
  from space 14848K, 60% used [0x00000000f3080000,0x00000000f3943788,0x00000000f3f00000)
  to   space 15360K, 0% used [0x00000000f5300000,0x00000000f5300000,0x00000000f6200000)
 ParOldGen       total 172544K, used 107147K [0x00000000c1600000, 0x00000000cbe80000, 0x00000000eb200000)
  object space 172544K, 62% used [0x00000000c1600000,0x00000000c7ea2fc0,0x00000000cbe80000)
 Metaspace       used 75100K, capacity 75770K, committed 76204K, reserved 1114112K
  class space    used 10658K, capacity 10821K, committed 10924K, reserved 1048576K
Event: 29.439 GC heap after
Heap after GC invocations=28 (full 4):
 PSYoungGen      total 164864K, used 9346K [0x00000000eb200000, 0x00000000f6200000, 0x0000000100000000)
  eden space 149504K, 0% used [0x00000000eb200000,0x00000000eb200000,0x00000000f4400000)
  from space 15360K, 60% used [0x00000000f5300000,0x00000000f5c20b18,0x00000000f6200000)
  to   space 15360K, 0% used [0x00000000f4400000,0x00000000f4400000,0x00000000f5300000)
 ParOldGen       total 172544K, used 107155K [0x00000000c1600000, 0x00000000cbe80000, 0x00000000eb200000)
  object space 172544K, 62% used [0x00000000c1600000,0x00000000c7ea4fc0,0x00000000cbe80000)
 Metaspace       used 75100K, capacity 75770K, committed 76204K, reserved 1114112K
  class space    used 10658K, capacity 10821K, committed 10924K, reserved 1048576K
}
Event: 29.742 GC heap before
{Heap before GC invocations=29 (full 4):
 PSYoungGen      total 164864K, used 158850K [0x00000000eb200000, 0x00000000f6200000, 0x0000000100000000)
  eden space 149504K, 100% used [0x00000000eb200000,0x00000000f4400000,0x00000000f4400000)
  from space 15360K, 60% used [0x00000000f5300000,0x00000000f5c20b18,0x00000000f6200000)
  to   space 15360K, 0% used [0x00000000f4400000,0x00000000f4400000,0x00000000f5300000)
 ParOldGen       total 172544K, used 107155K [0x00000000c1600000, 0x00000000cbe80000, 0x00000000eb200000)
  object space 172544K, 62% used [0x00000000c1600000,0x00000000c7ea4fc0,0x00000000cbe80000)
 Metaspace       used 75101K, capacity 75770K, committed 76204K, reserved 1114112K
  class space    used 10658K, capacity 10821K, committed 10924K, reserved 1048576K
Event: 29.780 GC heap after
Heap after GC invocations=29 (full 4):
 PSYoungGen      total 164864K, used 15353K [0x00000000eb200000, 0x00000000f6200000, 0x0000000100000000)
  eden space 149504K, 0% used [0x00000000eb200000,0x00000000eb200000,0x00000000f4400000)
  from space 15360K, 99% used [0x00000000f4400000,0x00000000f52fe750,0x00000000f5300000)
  to   space 15360K, 0% used [0x00000000f5300000,0x00000000f5300000,0x00000000f6200000)
 ParOldGen       total 172544K, used 116963K [0x00000000c1600000, 0x00000000cbe80000, 0x00000000eb200000)
  object space 172544K, 67% used [0x00000000c1600000,0x00000000c8838fc0,0x00000000cbe80000)
 Metaspace       used 75101K, capacity 75770K, committed 76204K, reserved 1114112K
  class space    used 10658K, capacity 10821K, committed 10924K, reserved 1048576K
}

